
============================================================
  01_data_collection.py | mode=synthetic | 2026-04-17 01:54:18
============================================================

[Synthetic] Generated 1600 posts → data/synthetic/synthetic_posts.csv

Engagement by group:
                  views    likes  engagement_rate
content_type                                     
control        5188.535  256.207            0.070
treatment     11447.035  578.050            0.072

============================================================
  01_data_collection.py complete.
============================================================

Loading data from data/synthetic/synthetic_posts.csv...
Loaded 1600 posts.

=== AI Detection Summary ===
Total posts:      1600
AI-generated:     800 (50.0%)

Detection methods used:
detection_method
pre_labeled    1600

Mean confidence by method:
detection_method
pre_labeled    1.0

Saved classified data → data/processed/classified_posts.csv
Loading data from data/synthetic/synthetic_posts.csv...
Loaded 1600 posts.

=== Building bipartite network ===
Bipartite graph: 1597 nodes, 3200 edges

=== Building account projection ===
Account projection: 1588 nodes, 436439 edges

=== Detecting communities ===
[Louvain] Detected 2 communities.

=== Computing statistics ===

=== Centralization Results ===
  gini_coefficient: 0.148
  top10_degree_share: 0.1634
  network_density: 0.346359
  n_nodes: 1588
  n_edges: 436439
  n_communities: 2
  structure: Decentralized (peer-to-peer)

=== Top 10 accounts by betweenness centrality ===
  username  degree  betweenness  community  followers
user_18102       4     0.151233          1        422
user_42873       4     0.106239          1        558
user_27567       3     0.090220          1        911
user_90665       3     0.087110          0        474
user_43860       2     0.063797          0        156
user_39212       5     0.000762          1       1387
user_45571       4     0.000624          1        910
user_21467       3     0.000462          1        565
user_41623       3     0.000462          1        548
user_88614       3     0.000462          1        262

=== Top 15 hashtags ===
          hashtag  accounts_using  total_uses
      #digitalart             411         414
        #portrait             399         401
     #photography             394         394
#artistsontwitter             376         376
          #grokai             334         334
  #syntheticmedia             326         326
           #aiart             324         324
       #grokimage             322         324
     #aigenerated             314         314

=== Plotting ===
[Plot] Network graph → outputs/figures/network_bipartite.png
[Plot] Degree distribution → outputs/figures/degree_distribution.png

Network analysis complete.
Loading data from data/synthetic/synthetic_posts.csv...
Loaded 1600 posts.

=== Preparing features ===
Prepared dataset: 1600 posts (800 treated, 800 control)

=== Estimating propensity scores ===
[PSM] Propensity score range: 0.412 – 0.546

=== Matching samples ===
[PSM] Matched 456 pairs (456 treated + 456 control).

=== Covariate Balance After PSM ===
Covariate                   Treated Mean   Control Mean      SMD
-----------------------------------------------------------------
log_followers                     5.9809         5.9422   0.048 ✓
log_account_age                   6.6265         6.6125   0.016 ✓
has_media_int                     0.8596         0.8728  -0.039 ✓
hour_of_day                       0.0000         0.0000   0.000 ✓
(SMD < 0.1 indicates good balance)

=== T-tests on matched sample ===

  log_views:
    AI-gen mean:  9.2699
    Human mean:   8.4483
    Difference:   +9.7%
    t=27.505, p=0.0000 [SIGNIFICANT]
    Cohen's d:    1.821

  log_engagement_total:
    AI-gen mean:  6.6040
    Human mean:   5.7675
    Difference:   +14.5%
    t=23.663, p=0.0000 [SIGNIFICANT]
    Cohen's d:    1.567

  engagement_rate:
    AI-gen mean:  0.0719
    Human mean:   0.0706
    Difference:   +2.0%
    t=1.170, p=0.2421 [not significant]
    Cohen's d:    0.077

=== OLS Regressions ===

  Outcome: log_views
    Treat coef: 0.8206 (SE=0.0299, p=0.0000) ***
    R² = 0.4556, N = 912
[Plot] Regression coefficients → outputs/figures/regression_coef_views.png

  Outcome: log_engagement_total
    Treat coef: 0.8358 (SE=0.0354, p=0.0000) ***
    R² = 0.3816, N = 912

  Outcome: engagement_rate
    Treat coef: 0.0014 (SE=0.0012, p=0.2376) 
    R² = 0.0027, N = 912

=== Visualizations ===
[Plot] Violin plot → outputs/figures/engagement_violin.png

✓ Engagement analysis complete.

╔══════════════════════════════════════════════════════════╗
║  AI-NCII on X: Full Analysis Pipeline                   ║
║  Data Science & Public Policy — Spring 2026             ║
╚══════════════════════════════════════════════════════════╝


============================================================
▶  python3 01_data_collection.py --mode synthetic
============================================================

============================================================
▶  python3 02_ai_detection.py --input data/synthetic/synthetic_posts.csv --output data/processed/classified_posts.csv 
============================================================

============================================================
▶  python3 03_network_analysis.py --input data/synthetic/synthetic_posts.csv
============================================================

============================================================
▶  python3 04_engagement_analysis.py --input data/synthetic/synthetic_posts.csv
============================================================

╔══════════════════════════════════════════════════════════╗
║  ✓ Pipeline complete!                                   ║
║                                                          ║
║  Outputs:                                                ║
║    outputs/figures/  → All charts                       ║
║    outputs/tables/   → CSV result tables                ║
╚══════════════════════════════════════════════════════════╝

