Loading data from data/processed/all_posts.csv...
Loaded 800 posts.

=== AI Detection Summary ===
Total posts:      800
AI-generated:     800 (100.0%)

Detection methods used:
detection_method
pre_labeled    800

Mean confidence by method:
detection_method
pre_labeled    1.0

Saved classified data → data/processed/classified_posts.csv
Loading data from data/processed/all_posts.csv...
Loaded 800 posts.

=== Building bipartite network ===
Bipartite graph: 913 nodes, 1654 edges

=== Building account projection ===
Account projection: 784 nodes, 86571 edges

=== Detecting communities ===
[Louvain] Detected 2 communities.

=== Computing statistics ===

=== Centralization Results ===
  gini_coefficient: 0.1791
  top10_degree_share: 0.1572
  network_density: 0.282049
  n_nodes: 784
  n_edges: 86571
  n_communities: 2
  structure: Decentralized (peer-to-peer)

=== Top 10 accounts by betweenness centrality ===
       username  degree  betweenness  community  followers
  synuser_24999       6     0.333176          1        485
  synuser_24665       2     0.075979          1        871
      ReviewAI_      14     0.028678          1          8
       steto123       3     0.026818          1        242
Gyanendra844522       3     0.026818          1         19
  synuser_13316       4     0.002234          1        930
  synuser_80835       4     0.002012          1        435
  synuser_97099       3     0.001361          0        664
  synuser_72572       3     0.001361          0        775
  synuser_72619       3     0.001361          0        628

=== Top 15 hashtags ===
          hashtag  accounts_using  total_uses
#artistsontwitter             154         155
          #grokai             149         153
        #portrait             147         147
       #grokimage             137         144
     #photography             142         142
  #syntheticmedia             141         141
           #aiart             136         136
     #aigenerated             135         135
      #digitalart             132         132
      #deepfakeai             130         130
            #nsfw             118         118
            #grok               4          14
       #grokvideo               1           7
              #ai               6           7
        #aiartist               3           3

=== Plotting ===
[Plot] Network graph → outputs/figures/network_bipartite.png
[Plot] Degree distribution → outputs/figures/degree_distribution.png

Network analysis complete.
Loading data from data/processed/all_posts.csv...
Loaded 800 posts.

=== Preparing features ===
Prepared dataset: 800 posts (400 treated, 400 control)

=== Estimating propensity scores ===
[PSM] Propensity score range: 0.000 – 0.579

=== Matching samples ===
[PSM] Matched 209 pairs (209 treated + 209 control).

=== Covariate Balance After PSM ===
Covariate                   Treated Mean   Control Mean      SMD
-----------------------------------------------------------------
log_followers                     6.5549         6.5519   0.011 ✓
log_account_age                   7.0688         7.0778  -0.007 ✓
has_media_int                     0.7225         0.7129   0.021 ✓
hour_of_day                       0.0000         0.0000   0.000 ✓
(SMD < 0.1 indicates good balance)

=== T-tests on matched sample ===

  log_views:
    AI-gen mean:  3.2625
    Human mean:   2.9168
    Difference:   +11.8%
    t=10.639, p=0.0000 [SIGNIFICANT]
    Cohen's d:    1.041

  log_engagement_total:
    AI-gen mean:  1.0501
    Human mean:   0.9638
    Difference:   +9.0%
    t=0.924, p=0.3561 [not significant]
    Cohen's d:    0.090

  engagement_rate:
    AI-gen mean:  0.1365
    Human mean:   0.1591
    Difference:   -14.2%
    t=-1.312, p=0.1901 [not significant]
    Cohen's d:    -0.128

=== OLS Regressions ===

  Outcome: log_views
    Treat coef: 0.3457 (SE=0.0326, p=0.0000) ***
    R² = 0.2148, N = 418
[Plot] Regression coefficients → outputs/figures/regression_coef_views.png

  Outcome: log_engagement_total
    Treat coef: 0.0847 (SE=0.0935, p=0.3657) 
    R² = 0.0115, N = 418

  Outcome: engagement_rate
    Treat coef: -0.0229 (SE=0.0173, p=0.1854) 
    R² = 0.0138, N = 418

=== Visualizations ===
[Plot] Violin plot → outputs/figures/engagement_violin.png

✓ Engagement analysis complete.

╔══════════════════════════════════════════════════════════╗
║  AI-NCII on X: Full Analysis Pipeline                   ║
║  Data Science & Public Policy  Spring 2026              ║
║  Mode: INGEST                                             ║
║  Skip step 1: True                                        ║
║  Started: 2026-04-17 03:42:17:<49║
╚══════════════════════════════════════════════════════════╝


[--skip-scrape] Skipping ingestion — using existing data/processed/all_posts.csv
  Found 800 posts — proceeding to analysis.

============================================================
  STEP: Classify posts as AI-generated vs human-created
  CMD:  "/Library/Frameworks/Python.framework/Versions/3.13/bin/python3" 02_ai_detection.py --input data/processed/all_posts.csv --output data/processed/classified_posts.csv
  TIME: 03:42:18
============================================================
  Done at 03:42:18

============================================================
  STEP: Build account-hashtag network + community detection
  CMD:  "/Library/Frameworks/Python.framework/Versions/3.13/bin/python3" 03_network_analysis.py --input data/processed/all_posts.csv
  TIME: 03:42:18
============================================================
  Done at 03:42:26

============================================================
  STEP: PSM matching + OLS regression for algorithmic amplification
  CMD:  "/Library/Frameworks/Python.framework/Versions/3.13/bin/python3" 04_engagement_analysis.py --input data/processed/all_posts.csv
  TIME: 03:42:26
============================================================
  Done at 03:42:28

╔══════════════════════════════════════════════════════════╗
║  Pipeline complete!                                     ║
╠══════════════════════════════════════════════════════════╣
║  Key outputs:                                           ║
║    outputs/figures/network_bipartite.png                ║
║    outputs/figures/engagement_violin.png                ║
║    outputs/figures/regression_coef_views.png            ║
║    outputs/tables/ttest_results.csv                     ║
║    outputs/tables/ols_regression_results.csv            ║
║    outputs/tables/centralization_test.csv               ║
╠══════════════════════════════════════════════════════════╣
║  Finished: 2026-04-17 03:42:28:<47║
╚══════════════════════════════════════════════════════════╝

